j:\spring2018\algorithms\mundellassign1\mundellassign1\debug\vc141.pdb
j:\spring2018\algorithms\mundellassign1\mundellassign1\debug\vc141.idb
j:\spring2018\algorithms\mundellassign1\mundellassign1\debug\main.obj
j:\spring2018\algorithms\mundellassign1\mundellassign1\debug\timer.obj
c:\users\bennett253\documents\github\algorithms2018\mundellassign1\mundellassign1\debug\vc141.pdb
c:\users\bennett253\documents\github\algorithms2018\mundellassign1\mundellassign1\debug\vc141.idb
c:\users\bennett253\documents\github\algorithms2018\mundellassign1\mundellassign1\debug\main.obj
c:\users\bennett253\documents\github\algorithms2018\mundellassign1\mundellassign1\debug\timer.obj
j:\spring2018\algorithms\mundellassign1\debug\mundellassign1.exe
j:\spring2018\algorithms\mundellassign1\debug\mundellassign1.ilk
j:\spring2018\algorithms\mundellassign1\debug\mundellassign1.pdb
c:\users\bennett253\documents\github\algorithms2018\mundellassign1\debug\mundellassign1.exe
c:\users\bennett253\documents\github\algorithms2018\mundellassign1\debug\mundellassign1.ilk
c:\users\bennett253\documents\github\algorithms2018\mundellassign1\debug\mundellassign1.pdb
c:\users\bennett253\documents\github\algorithms2018\mundellassign1\mundellassign1\debug\mundellassign1.tlog\cl.command.1.tlog
c:\users\bennett253\documents\github\algorithms2018\mundellassign1\mundellassign1\debug\mundellassign1.tlog\cl.read.1.tlog
c:\users\bennett253\documents\github\algorithms2018\mundellassign1\mundellassign1\debug\mundellassign1.tlog\cl.write.1.tlog
c:\users\bennett253\documents\github\algorithms2018\mundellassign1\mundellassign1\debug\mundellassign1.tlog\link.command.1.tlog
c:\users\bennett253\documents\github\algorithms2018\mundellassign1\mundellassign1\debug\mundellassign1.tlog\link.read.1.tlog
c:\users\bennett253\documents\github\algorithms2018\mundellassign1\mundellassign1\debug\mundellassign1.tlog\link.write.1.tlog
